# JRE version: OpenJDK Runtime Environment (21.0.1+12) (build 21.0.1+12-29)
# Java VM: OpenJDK 64-Bit Server VM (21.0.1+12-29, mixed mode, emulated-client, sharing, tiered, compressed oops, compressed class ptrs, g1 gc, windows-amd64)
GC Precious Log:
 CardTable entry size: 512
 Card Set container configuration: InlinePtr #cards 4 size 8 Array Of Cards #cards 16 size 48 Howl #buckets 8 coarsen threshold 3686 Howl Bitmap #cards 512 size 80 coarsen threshold 460 Card regions per heap region 1 cards per card region 4096
 CPUs: 8 total, 8 available
 Memory: 15664M
 Large Page Support: Disabled
 NUMA Support: Disabled
 Compressed Oops: Enabled (Zero based)
 Heap Region Size: 2M
 Heap Min Capacity: 8M
 Heap Initial Capacity: 246M
 Heap Max Capacity: 3918M
 Pre-touch: Disabled
 Parallel Workers: 8
 Concurrent Workers: 2
 Concurrent Refinement Workers: 8
 Periodic GC: Disabled
Heap:
 garbage-first heap   total 151552K, used 39794K [0x000000070b200000, 0x0000000800000000)
  region size 2048K, 3 young (6144K), 2 survivors (4096K)
 Metaspace       used 91466K, committed 92992K, reserved 1179648K
  class space    used 13164K, committed 13632K, reserved 1048576K
GC Heap History (20 events):
Event: 104169.068 GC heap before
{Heap before GC invocations=255 (full 3):
 garbage-first heap   total 182272K, used 143536K [0x000000070b200000, 0x0000000800000000)
  region size 2048K, 53 young (108544K), 1 survivors (2048K)
 Metaspace       used 91250K, committed 92992K, reserved 1179648K
  class space    used 13131K, committed 13632K, reserved 1048576K
}
Event: 104169.070 GC heap after
{Heap after GC invocations=256 (full 3):
 garbage-first heap   total 182272K, used 37038K [0x000000070b200000, 0x0000000800000000)
  region size 2048K, 1 young (2048K), 1 survivors (2048K)
 Metaspace       used 91250K, committed 92992K, reserved 1179648K
  class space    used 13131K, committed 13632K, reserved 1048576K
}
Event: 104895.878 GC heap before
{Heap before GC invocations=257 (full 3):
 garbage-first heap   total 151552K, used 125102K [0x000000070b200000, 0x0000000800000000)
  region size 2048K, 44 young (90112K), 1 survivors (2048K)
 Metaspace       used 91250K, committed 92992K, reserved 1179648K
  class space    used 13131K, committed 13632K, reserved 1048576K
}
Event: 104895.880 GC heap after
{Heap after GC invocations=258 (full 3):
 garbage-first heap   total 151552K, used 37047K [0x000000070b200000, 0x0000000800000000)
  region size 2048K, 1 young (2048K), 1 survivors (2048K)
 Metaspace       used 91250K, committed 92992K, reserved 1179648K
  class space    used 13131K, committed 13632K, reserved 1048576K
}
Event: 105623.329 GC heap before
{Heap before GC invocations=258 (full 3):
 garbage-first heap   total 151552K, used 125111K [0x000000070b200000, 0x0000000800000000)
  region size 2048K, 44 young (90112K), 1 survivors (2048K)
 Metaspace       used 91250K, committed 92992K, reserved 1179648K
  class space    used 13131K, committed 13632K, reserved 1048576K
}
Event: 105623.333 GC heap after
{Heap after GC invocations=259 (full 3):
 garbage-first heap   total 151552K, used 37067K [0x000000070b200000, 0x0000000800000000)
  region size 2048K, 1 young (2048K), 1 survivors (2048K)
 Metaspace       used 91250K, committed 92992K, reserved 1179648K
  class space    used 13131K, committed 13632K, reserved 1048576K
}
Event: 106350.653 GC heap before
{Heap before GC invocations=259 (full 3):
 garbage-first heap   total 151552K, used 125131K [0x000000070b200000, 0x0000000800000000)
  region size 2048K, 44 young (90112K), 1 survivors (2048K)
 Metaspace       used 91250K, committed 92992K, reserved 1179648K
  class space    used 13131K, committed 13632K, reserved 1048576K
}
Event: 106350.656 GC heap after
{Heap after GC invocations=260 (full 3):
 garbage-first heap   total 151552K, used 37043K [0x000000070b200000, 0x0000000800000000)
  region size 2048K, 1 young (2048K), 1 survivors (2048K)
 Metaspace       used 91250K, committed 92992K, reserved 1179648K
  class space    used 13131K, committed 13632K, reserved 1048576K
}
Event: 107077.755 GC heap before
{Heap before GC invocations=261 (full 3):
 garbage-first heap   total 151552K, used 125107K [0x000000070b200000, 0x0000000800000000)
  region size 2048K, 44 young (90112K), 1 survivors (2048K)
 Metaspace       used 91250K, committed 92992K, reserved 1179648K
  class space    used 13131K, committed 13632K, reserved 1048576K
}
Event: 107077.756 GC heap after
{Heap after GC invocations=262 (full 3):
 garbage-first heap   total 151552K, used 37054K [0x000000070b200000, 0x0000000800000000)
  region size 2048K, 1 young (2048K), 1 survivors (2048K)
 Metaspace       used 91250K, committed 92992K, reserved 1179648K
  class space    used 13131K, committed 13632K, reserved 1048576K
}
Event: 107804.808 GC heap before
{Heap before GC invocations=262 (full 3):
 garbage-first heap   total 151552K, used 125118K [0x000000070b200000, 0x0000000800000000)
  region size 2048K, 44 young (90112K), 1 survivors (2048K)
 Metaspace       used 91250K, committed 92992K, reserved 1179648K
  class space    used 13131K, committed 13632K, reserved 1048576K
}
Event: 107804.810 GC heap after
{Heap after GC invocations=263 (full 3):
 garbage-first heap   total 151552K, used 37035K [0x000000070b200000, 0x0000000800000000)
  region size 2048K, 1 young (2048K), 1 survivors (2048K)
 Metaspace       used 91250K, committed 92992K, reserved 1179648K
  class space    used 13131K, committed 13632K, reserved 1048576K
}
Event: 108531.953 GC heap before
{Heap before GC invocations=263 (full 3):
 garbage-first heap   total 151552K, used 125099K [0x000000070b200000, 0x0000000800000000)
  region size 2048K, 44 young (90112K), 1 survivors (2048K)
 Metaspace       used 91250K, committed 92992K, reserved 1179648K
  class space    used 13131K, committed 13632K, reserved 1048576K
}
Event: 108531.957 GC heap after
{Heap after GC invocations=264 (full 3):
 garbage-first heap   total 151552K, used 37041K [0x000000070b200000, 0x0000000800000000)
  region size 2048K, 1 young (2048K), 1 survivors (2048K)
 Metaspace       used 91250K, committed 92992K, reserved 1179648K
  class space    used 13131K, committed 13632K, reserved 1048576K
}
Event: 109259.112 GC heap before
{Heap before GC invocations=265 (full 3):
 garbage-first heap   total 151552K, used 125105K [0x000000070b200000, 0x0000000800000000)
  region size 2048K, 44 young (90112K), 1 survivors (2048K)
 Metaspace       used 91250K, committed 92992K, reserved 1179648K
  class space    used 13131K, committed 13632K, reserved 1048576K
}
Event: 109259.115 GC heap after
{Heap after GC invocations=266 (full 3):
 garbage-first heap   total 151552K, used 37041K [0x000000070b200000, 0x0000000800000000)
  region size 2048K, 1 young (2048K), 1 survivors (2048K)
 Metaspace       used 91250K, committed 92992K, reserved 1179648K
  class space    used 13131K, committed 13632K, reserved 1048576K
}
Event: 109919.376 GC heap before
{Heap before GC invocations=266 (full 3):
 garbage-first heap   total 151552K, used 125105K [0x000000070b200000, 0x0000000800000000)
  region size 2048K, 44 young (90112K), 1 survivors (2048K)
 Metaspace       used 91272K, committed 92992K, reserved 1179648K
  class space    used 13137K, committed 13632K, reserved 1048576K
}
Event: 109919.378 GC heap after
{Heap after GC invocations=267 (full 3):
 garbage-first heap   total 151552K, used 38307K [0x000000070b200000, 0x0000000800000000)
  region size 2048K, 1 young (2048K), 1 survivors (2048K)
 Metaspace       used 91272K, committed 92992K, reserved 1179648K
  class space    used 13137K, committed 13632K, reserved 1048576K
}
Event: 109919.734 GC heap before
{Heap before GC invocations=267 (full 3):
 garbage-first heap   total 151552K, used 60835K [0x000000070b200000, 0x0000000800000000)
  region size 2048K, 13 young (26624K), 1 survivors (2048K)
 Metaspace       used 91464K, committed 92992K, reserved 1179648K
  class space    used 13164K, committed 13632K, reserved 1048576K
}
Event: 109919.737 GC heap after
{Heap after GC invocations=268 (full 3):
 garbage-first heap   total 151552K, used 39794K [0x000000070b200000, 0x0000000800000000)
  region size 2048K, 2 young (4096K), 2 survivors (4096K)
 Metaspace       used 91464K, committed 92992K, reserved 1179648K
  class space    used 13164K, committed 13632K, reserved 1048576K
}

